{"level":"http","message":"GET /api/reservation - ::1","timestamp":"2025-08-17 21:10:27:1027"}
{"level":"http","message":"500 GET / - 138ms","timestamp":"2025-08-17 21:10:27:1027"}
{"level":"http","message":"POST /api/auth/register/user - ::1","timestamp":"2025-08-18 21:15:51:1551"}
{"code":"EAUTH","command":"AUTH PLAIN","level":"error","message":"Failed to send email: Invalid login: 535 5.7.0 The email limit is reached. Please upgrade your plan https://mailtrap.io/billing/plans/testing","response":"535 5.7.0 The email limit is reached. Please upgrade your plan https://mailtrap.io/billing/plans/testing","responseCode":535,"stack":"Error: Invalid login: 535 5.7.0 The email limit is reached. Please upgrade your plan https://mailtrap.io/billing/plans/testing\n    at SMTPConnection._formatError (C:\\Users\\muhfa\\Documents\\freelance\\proRent\\proRent_BE\\node_modules\\nodemailer\\lib\\smtp-connection\\index.js:809:19)\n    at SMTPConnection._actionAUTHComplete (C:\\Users\\muhfa\\Documents\\freelance\\proRent\\proRent_BE\\node_modules\\nodemailer\\lib\\smtp-connection\\index.js:1588:34)\n    at SMTPConnection.<anonymous> (C:\\Users\\muhfa\\Documents\\freelance\\proRent\\proRent_BE\\node_modules\\nodemailer\\lib\\smtp-connection\\index.js:556:26)\n    at SMTPConnection._processResponse (C:\\Users\\muhfa\\Documents\\freelance\\proRent\\proRent_BE\\node_modules\\nodemailer\\lib\\smtp-connection\\index.js:993:20)\n    at SMTPConnection._onData (C:\\Users\\muhfa\\Documents\\freelance\\proRent\\proRent_BE\\node_modules\\nodemailer\\lib\\smtp-connection\\index.js:774:14)\n    at TLSSocket.SMTPConnection._onSocketData (C:\\Users\\muhfa\\Documents\\freelance\\proRent\\proRent_BE\\node_modules\\nodemailer\\lib\\smtp-connection\\index.js:195:44)\n    at TLSSocket.emit (node:events:518:28)\n    at TLSSocket.emit (node:domain:489:12)\n    at addChunk (node:internal/streams/readable:561:12)\n    at readableAddChunkPushByteMode (node:internal/streams/readable:512:3)","timestamp":"2025-08-18 21:15:54:1554"}
{"level":"error","message":"Failed to send verification email: Failed to send email","stack":"Error: Failed to send email\n    at EmailService.<anonymous> (C:\\Users\\muhfa\\Documents\\freelance\\proRent\\proRent_BE\\src\\service\\email\\emailService.ts:37:13)\n    at Generator.throw (<anonymous>)\n    at rejected (C:\\Users\\muhfa\\Documents\\freelance\\proRent\\proRent_BE\\src\\service\\email\\emailService.ts:6:65)\n    at processTicksAndRejections (node:internal/process/task_queues:105:5)","timestamp":"2025-08-18 21:15:54:1554"}
{"level":"error","message":"Registration error: Failed to send verification email","stack":"Error: Failed to send verification email\n    at EmailService.<anonymous> (C:\\Users\\muhfa\\Documents\\freelance\\proRent\\proRent_BE\\src\\service\\email\\emailService.ts:59:13)\n    at Generator.throw (<anonymous>)\n    at rejected (C:\\Users\\muhfa\\Documents\\freelance\\proRent\\proRent_BE\\src\\service\\email\\emailService.ts:6:65)\n    at processTicksAndRejections (node:internal/process/task_queues:105:5)","timestamp":"2025-08-18 21:15:54:1554"}
{"level":"error","message":"User registration error: Failed to send verification email","stack":"Error: Failed to send verification email\n    at EmailService.<anonymous> (C:\\Users\\muhfa\\Documents\\freelance\\proRent\\proRent_BE\\src\\service\\email\\emailService.ts:59:13)\n    at Generator.throw (<anonymous>)\n    at rejected (C:\\Users\\muhfa\\Documents\\freelance\\proRent\\proRent_BE\\src\\service\\email\\emailService.ts:6:65)\n    at processTicksAndRejections (node:internal/process/task_queues:105:5)","timestamp":"2025-08-18 21:15:54:1554"}
{"level":"http","message":"400 POST /register/user - 2850ms","timestamp":"2025-08-18 21:15:54:1554"}
{"code":"EAUTH","command":"API","level":"error","message":"Email service connection failed: Missing credentials for \"PLAIN\"","stack":"Error: Missing credentials for \"PLAIN\"\n    at SMTPConnection._formatError (C:\\Users\\muhfa\\Documents\\freelance\\proRent\\proRent_BE\\node_modules\\nodemailer\\lib\\smtp-connection\\index.js:809:19)\n    at SMTPConnection.login (C:\\Users\\muhfa\\Documents\\freelance\\proRent\\proRent_BE\\node_modules\\nodemailer\\lib\\smtp-connection\\index.js:454:38)\n    at C:\\Users\\muhfa\\Documents\\freelance\\proRent\\proRent_BE\\node_modules\\nodemailer\\lib\\smtp-transport\\index.js:375:32\n    at SMTPConnection.<anonymous> (C:\\Users\\muhfa\\Documents\\freelance\\proRent\\proRent_BE\\node_modules\\nodemailer\\lib\\smtp-connection\\index.js:215:17)\n    at Object.onceWrapper (node:events:632:28)\n    at SMTPConnection.emit (node:events:518:28)\n    at SMTPConnection.emit (node:domain:489:12)\n    at SMTPConnection._actionEHLO (C:\\Users\\muhfa\\Documents\\freelance\\proRent\\proRent_BE\\node_modules\\nodemailer\\lib\\smtp-connection\\index.js:1371:14)\n    at SMTPConnection._processResponse (C:\\Users\\muhfa\\Documents\\freelance\\proRent\\proRent_BE\\node_modules\\nodemailer\\lib\\smtp-connection\\index.js:993:20)\n    at SMTPConnection._onData (C:\\Users\\muhfa\\Documents\\freelance\\proRent\\proRent_BE\\node_modules\\nodemailer\\lib\\smtp-connection\\index.js:774:14)","timestamp":"2025-08-18 21:27:01:271"}
{"code":"EAUTH","command":"API","level":"error","message":"Failed to send email: Missing credentials for \"PLAIN\"","stack":"Error: Missing credentials for \"PLAIN\"\n    at SMTPConnection._formatError (C:\\Users\\muhfa\\Documents\\freelance\\proRent\\proRent_BE\\node_modules\\nodemailer\\lib\\smtp-connection\\index.js:809:19)\n    at SMTPConnection.login (C:\\Users\\muhfa\\Documents\\freelance\\proRent\\proRent_BE\\node_modules\\nodemailer\\lib\\smtp-connection\\index.js:454:38)\n    at C:\\Users\\muhfa\\Documents\\freelance\\proRent\\proRent_BE\\node_modules\\nodemailer\\lib\\smtp-transport\\index.js:272:32\n    at SMTPConnection.<anonymous> (C:\\Users\\muhfa\\Documents\\freelance\\proRent\\proRent_BE\\node_modules\\nodemailer\\lib\\smtp-connection\\index.js:215:17)\n    at Object.onceWrapper (node:events:632:28)\n    at SMTPConnection.emit (node:events:518:28)\n    at SMTPConnection.emit (node:domain:489:12)\n    at SMTPConnection._actionEHLO (C:\\Users\\muhfa\\Documents\\freelance\\proRent\\proRent_BE\\node_modules\\nodemailer\\lib\\smtp-connection\\index.js:1371:14)\n    at SMTPConnection._processResponse (C:\\Users\\muhfa\\Documents\\freelance\\proRent\\proRent_BE\\node_modules\\nodemailer\\lib\\smtp-connection\\index.js:993:20)\n    at SMTPConnection._onData (C:\\Users\\muhfa\\Documents\\freelance\\proRent\\proRent_BE\\node_modules\\nodemailer\\lib\\smtp-connection\\index.js:774:14)","timestamp":"2025-08-18 21:27:02:272"}
{"code":"EAUTH","command":"API","level":"error","message":"Email service connection failed: Missing credentials for \"PLAIN\"","stack":"Error: Missing credentials for \"PLAIN\"\n    at SMTPConnection._formatError (C:\\Users\\muhfa\\Documents\\freelance\\proRent\\proRent_BE\\node_modules\\nodemailer\\lib\\smtp-connection\\index.js:809:19)\n    at SMTPConnection.login (C:\\Users\\muhfa\\Documents\\freelance\\proRent\\proRent_BE\\node_modules\\nodemailer\\lib\\smtp-connection\\index.js:454:38)\n    at C:\\Users\\muhfa\\Documents\\freelance\\proRent\\proRent_BE\\node_modules\\nodemailer\\lib\\smtp-transport\\index.js:375:32\n    at SMTPConnection.<anonymous> (C:\\Users\\muhfa\\Documents\\freelance\\proRent\\proRent_BE\\node_modules\\nodemailer\\lib\\smtp-connection\\index.js:215:17)\n    at Object.onceWrapper (node:events:632:28)\n    at SMTPConnection.emit (node:events:518:28)\n    at SMTPConnection.emit (node:domain:489:12)\n    at SMTPConnection._actionEHLO (C:\\Users\\muhfa\\Documents\\freelance\\proRent\\proRent_BE\\node_modules\\nodemailer\\lib\\smtp-connection\\index.js:1371:14)\n    at SMTPConnection._processResponse (C:\\Users\\muhfa\\Documents\\freelance\\proRent\\proRent_BE\\node_modules\\nodemailer\\lib\\smtp-connection\\index.js:993:20)\n    at SMTPConnection._onData (C:\\Users\\muhfa\\Documents\\freelance\\proRent\\proRent_BE\\node_modules\\nodemailer\\lib\\smtp-connection\\index.js:774:14)","timestamp":"2025-08-18 21:27:41:2741"}
{"code":"EAUTH","command":"API","level":"error","message":"Failed to send email: Missing credentials for \"PLAIN\"","stack":"Error: Missing credentials for \"PLAIN\"\n    at SMTPConnection._formatError (C:\\Users\\muhfa\\Documents\\freelance\\proRent\\proRent_BE\\node_modules\\nodemailer\\lib\\smtp-connection\\index.js:809:19)\n    at SMTPConnection.login (C:\\Users\\muhfa\\Documents\\freelance\\proRent\\proRent_BE\\node_modules\\nodemailer\\lib\\smtp-connection\\index.js:454:38)\n    at C:\\Users\\muhfa\\Documents\\freelance\\proRent\\proRent_BE\\node_modules\\nodemailer\\lib\\smtp-transport\\index.js:272:32\n    at SMTPConnection.<anonymous> (C:\\Users\\muhfa\\Documents\\freelance\\proRent\\proRent_BE\\node_modules\\nodemailer\\lib\\smtp-connection\\index.js:215:17)\n    at Object.onceWrapper (node:events:632:28)\n    at SMTPConnection.emit (node:events:518:28)\n    at SMTPConnection.emit (node:domain:489:12)\n    at SMTPConnection._actionEHLO (C:\\Users\\muhfa\\Documents\\freelance\\proRent\\proRent_BE\\node_modules\\nodemailer\\lib\\smtp-connection\\index.js:1371:14)\n    at SMTPConnection._processResponse (C:\\Users\\muhfa\\Documents\\freelance\\proRent\\proRent_BE\\node_modules\\nodemailer\\lib\\smtp-connection\\index.js:993:20)\n    at SMTPConnection._onData (C:\\Users\\muhfa\\Documents\\freelance\\proRent\\proRent_BE\\node_modules\\nodemailer\\lib\\smtp-connection\\index.js:774:14)","timestamp":"2025-08-18 21:27:42:2742"}
{"level":"info","message":"Email service connection verified successfully","timestamp":"2025-08-18 21:30:01:301"}
{"level":"info","message":"Email sent successfully to test@ethereal.email","timestamp":"2025-08-18 21:30:05:305"}
{"level":"info","message":"Email service connection verified successfully","timestamp":"2025-08-18 21:48:22:4822"}
{"level":"info","message":"Email sent successfully to prorent-test-ddvj3bum1h-meh8cb8f@disposablemail.com","timestamp":"2025-08-18 21:48:26:4826"}
{"level":"info","message":"Verification email sent to prorent-test-ddvj3bum1h-meh8cb8f@disposablemail.com","timestamp":"2025-08-18 21:48:26:4826"}
{"level":"info","message":"Email sent successfully to prorent-test-ddvj3bum1h-meh8cb8f@disposablemail.com","timestamp":"2025-08-18 21:48:30:4830"}
{"code":"EAUTH","command":"AUTH PLAIN","level":"error","message":"Email service connection failed: Invalid login: 535 5.7.0 The email limit is reached. Please upgrade your plan https://mailtrap.io/billing/plans/testing","response":"535 5.7.0 The email limit is reached. Please upgrade your plan https://mailtrap.io/billing/plans/testing","responseCode":535,"stack":"Error: Invalid login: 535 5.7.0 The email limit is reached. Please upgrade your plan https://mailtrap.io/billing/plans/testing\n    at SMTPConnection._formatError (C:\\Users\\muhfa\\Documents\\freelance\\proRent\\proRent_BE\\node_modules\\nodemailer\\lib\\smtp-connection\\index.js:809:19)\n    at SMTPConnection._actionAUTHComplete (C:\\Users\\muhfa\\Documents\\freelance\\proRent\\proRent_BE\\node_modules\\nodemailer\\lib\\smtp-connection\\index.js:1588:34)\n    at SMTPConnection.<anonymous> (C:\\Users\\muhfa\\Documents\\freelance\\proRent\\proRent_BE\\node_modules\\nodemailer\\lib\\smtp-connection\\index.js:556:26)\n    at SMTPConnection._processResponse (C:\\Users\\muhfa\\Documents\\freelance\\proRent\\proRent_BE\\node_modules\\nodemailer\\lib\\smtp-connection\\index.js:993:20)\n    at SMTPConnection._onData (C:\\Users\\muhfa\\Documents\\freelance\\proRent\\proRent_BE\\node_modules\\nodemailer\\lib\\smtp-connection\\index.js:774:14)\n    at TLSSocket.SMTPConnection._onSocketData (C:\\Users\\muhfa\\Documents\\freelance\\proRent\\proRent_BE\\node_modules\\nodemailer\\lib\\smtp-connection\\index.js:195:44)\n    at TLSSocket.emit (node:events:518:28)\n    at TLSSocket.emit (node:domain:489:12)\n    at addChunk (node:internal/streams/readable:561:12)\n    at readableAddChunkPushByteMode (node:internal/streams/readable:512:3)","timestamp":"2025-08-18 21:57:14:5714"}
{"level":"http","message":"POST /api/auth/register/user - ::1","timestamp":"2025-08-18 22:14:21:1421"}
{"level":"info","message":"Email sent successfully to proprerent@gmail.com","timestamp":"2025-08-18 22:14:24:1424"}
{"level":"info","message":"Verification email sent to proprerent@gmail.com","timestamp":"2025-08-18 22:14:24:1424"}
{"level":"info","message":"User registration initiated for email: proprerent@gmail.com","timestamp":"2025-08-18 22:14:24:1424"}
{"level":"http","message":"201 POST /register/user - 2951ms","timestamp":"2025-08-18 22:14:24:1424"}
{"level":"http","message":"GET /api/auth/verify-email - ::1","timestamp":"2025-08-18 22:16:21:1621"}
{"level":"info","message":"Email sent successfully to proprerent@gmail.com","timestamp":"2025-08-18 22:16:23:1623"}
{"level":"info","message":"Welcome email sent to proprerent@gmail.com","timestamp":"2025-08-18 22:16:23:1623"}
{"level":"info","message":"Email verification successful","timestamp":"2025-08-18 22:16:23:1623"}
{"level":"http","message":"200 GET /verify-email - 2384ms","timestamp":"2025-08-18 22:16:23:1623"}
{"level":"http","message":"POST /api/auth/login - ::1","timestamp":"2025-08-18 22:16:42:1642"}
{"level":"info","message":"User logged in: proprerent@gmail.com","timestamp":"2025-08-18 22:16:42:1642"}
{"level":"http","message":"200 POST /login - 271ms","timestamp":"2025-08-18 22:16:42:1642"}
{"level":"http","message":"GET /api/auth/me - ::1","timestamp":"2025-08-18 22:17:03:173"}
{"level":"http","message":"401 GET /me - 2ms","timestamp":"2025-08-18 22:17:03:173"}
{"level":"http","message":"POST /api/auth/login - ::1","timestamp":"2025-08-18 22:18:18:1818"}
{"level":"info","message":"User logged in: proprerent@gmail.com","timestamp":"2025-08-18 22:18:19:1819"}
{"level":"http","message":"200 POST /login - 292ms","timestamp":"2025-08-18 22:18:19:1819"}
{"level":"http","message":"GET /api/auth/me - ::1","timestamp":"2025-08-18 22:19:05:195"}
{"level":"http","message":"200 GET /me - 9ms","timestamp":"2025-08-18 22:19:05:195"}
{"level":"http","message":"POST /api/auth/register/user - ::1","timestamp":"2025-08-18 22:26:44:2644"}
{"level":"error","message":"[\n  {\n    \"expected\": \"object\",\n    \"code\": \"invalid_type\",\n    \"path\": [],\n    \"message\": \"Invalid input: expected object, received undefined\"\n  }\n]","name":"ZodError","stack":"ZodError: [\n  {\n    \"expected\": \"object\",\n    \"code\": \"invalid_type\",\n    \"path\": [],\n    \"message\": \"Invalid input: expected object, received undefined\"\n  }\n]\n    at C:\\Users\\muhfa\\Documents\\freelance\\proRent\\proRent_BE\\src\\controller\\auth\\authController.ts:24:48\n    at Generator.next (<anonymous>)\n    at C:\\Users\\muhfa\\Documents\\freelance\\proRent\\proRent_BE\\src\\controller\\auth\\authController.ts:8:71\n    at new Promise (<anonymous>)\n    at __awaiter (C:\\Users\\muhfa\\Documents\\freelance\\proRent\\proRent_BE\\src\\controller\\auth\\authController.ts:4:12)\n    at registerUser (C:\\Users\\muhfa\\Documents\\freelance\\proRent\\proRent_BE\\src\\controller\\auth\\authController.ts:22:16)\n    at Layer.handleRequest (C:\\Users\\muhfa\\Documents\\freelance\\proRent\\proRent_BE\\node_modules\\router\\lib\\layer.js:152:17)\n    at next (C:\\Users\\muhfa\\Documents\\freelance\\proRent\\proRent_BE\\node_modules\\router\\lib\\route.js:157:13)\n    at Route.dispatch (C:\\Users\\muhfa\\Documents\\freelance\\proRent\\proRent_BE\\node_modules\\router\\lib\\route.js:117:3)\n    at handle (C:\\Users\\muhfa\\Documents\\freelance\\proRent\\proRent_BE\\node_modules\\router\\index.js:435:11)","timestamp":"2025-08-18 22:26:44:2644"}
{"level":"http","message":"400 POST /register/user - 7ms","timestamp":"2025-08-18 22:26:44:2644"}
{"level":"http","message":"POST /api/auth/register/user - ::1","timestamp":"2025-08-18 22:27:44:2744"}
{"level":"info","message":"Email sent successfully to muhfarros28@gmail.com","timestamp":"2025-08-18 22:27:47:2747"}
{"level":"info","message":"Verification email sent to muhfarros28@gmail.com","timestamp":"2025-08-18 22:27:47:2747"}
{"level":"info","message":"User registration initiated for email: muhfarros28@gmail.com","timestamp":"2025-08-18 22:27:47:2747"}
{"level":"http","message":"201 POST /register/user - 3808ms","timestamp":"2025-08-18 22:27:47:2747"}
{"level":"http","message":"GET /api/auth/verify-email - ::1","timestamp":"2025-08-18 22:31:15:3115"}
{"level":"info","message":"Email sent successfully to muhfarros28@gmail.com","timestamp":"2025-08-18 22:31:20:3120"}
{"level":"info","message":"Welcome email sent to muhfarros28@gmail.com","timestamp":"2025-08-18 22:31:20:3120"}
{"level":"info","message":"Email verification successful","timestamp":"2025-08-18 22:31:20:3120"}
{"level":"http","message":"200 GET /verify-email - 4605ms","timestamp":"2025-08-18 22:31:20:3120"}
{"level":"http","message":"POST /auth/login - ::1","timestamp":"2025-08-18 22:34:40:3440"}
{"level":"http","message":"404 POST /auth/login - 1ms","timestamp":"2025-08-18 22:34:40:3440"}
{"level":"http","message":"POST /auth/login - ::1","timestamp":"2025-08-18 22:34:44:3444"}
{"level":"http","message":"404 POST /auth/login - 1ms","timestamp":"2025-08-18 22:34:44:3444"}
{"level":"http","message":"POST /auth/login - ::1","timestamp":"2025-08-18 22:35:06:356"}
{"level":"http","message":"404 POST /auth/login - 2ms","timestamp":"2025-08-18 22:35:06:356"}
{"level":"http","message":"POST /auth/login - ::1","timestamp":"2025-08-18 22:35:07:357"}
{"level":"http","message":"404 POST /auth/login - 1ms","timestamp":"2025-08-18 22:35:07:357"}
{"level":"http","message":"POST /api/auth/login - ::1","timestamp":"2025-08-18 22:36:18:3618"}
{"level":"info","message":"User logged in: muhfarros28@gmail.com","timestamp":"2025-08-18 22:36:18:3618"}
{"level":"http","message":"200 POST /login - 410ms","timestamp":"2025-08-18 22:36:18:3618"}
{"level":"http","message":"POST /api/auth/login - ::1","timestamp":"2025-08-18 22:38:41:3841"}
{"level":"info","message":"User logged in: muhfarros28@gmail.com","timestamp":"2025-08-18 22:38:41:3841"}
{"level":"http","message":"200 POST /login - 253ms","timestamp":"2025-08-18 22:38:41:3841"}
{"level":"http","message":"GET /api/users/me - ::1","timestamp":"2025-08-18 22:40:53:4053"}
{"level":"info","message":"User profile accessed by user ID: cYMLok5jkN0Y","timestamp":"2025-08-18 22:40:53:4053"}
{"level":"error","message":"TypeError: Cannot read properties of undefined (reading 'handleError')\n    at C:\\Users\\muhfa\\Documents\\freelance\\proRent\\proRent_BE\\src\\controller\\user\\userController.ts:32:19\n    at Generator.next (<anonymous>)\n    at fulfilled (C:\\Users\\muhfa\\Documents\\freelance\\proRent\\proRent_BE\\src\\controller\\user\\userController.ts:5:58)","timestamp":"2025-08-18 22:40:53:4053"}
{"level":"http","message":"500 GET /api/users/me - 53ms","timestamp":"2025-08-18 22:40:53:4053"}
{"level":"http","message":"GET /api/users/me - ::1","timestamp":"2025-08-18 22:43:55:4355"}
{"level":"info","message":"User profile accessed by user ID: cYMLok5jkN0Y","timestamp":"2025-08-18 22:43:55:4355"}
{"level":"http","message":"200 GET /me - 106ms","timestamp":"2025-08-18 22:43:55:4355"}
{"level":"http","message":"POST /api/auth/login - ::1","timestamp":"2025-08-18 22:49:31:4931"}
{"level":"info","message":"User logged in: muhfarros28@gmail.com","timestamp":"2025-08-18 22:49:31:4931"}
{"level":"http","message":"200 POST /login - 357ms","timestamp":"2025-08-18 22:49:31:4931"}
{"level":"http","message":"GET /api/users/me - ::1","timestamp":"2025-08-18 22:49:45:4945"}
{"level":"info","message":"User profile accessed by user ID: RtRgE47IJ_wS","timestamp":"2025-08-18 22:49:45:4945"}
{"level":"http","message":"200 GET /me - 47ms","timestamp":"2025-08-18 22:49:45:4945"}
{"level":"http","message":"GET /api/users/me - ::1","timestamp":"2025-08-18 22:54:18:5418"}
{"level":"info","message":"User profile accessed by user ID: RtRgE47IJ_wS","timestamp":"2025-08-18 22:54:18:5418"}
{"level":"http","message":"200 GET /me - 133ms","timestamp":"2025-08-18 22:54:18:5418"}
{"level":"http","message":"GET /api/users/me - ::1","timestamp":"2025-08-18 22:54:33:5433"}
{"level":"info","message":"User profile accessed by user ID: RtRgE47IJ_wS","timestamp":"2025-08-18 22:54:33:5433"}
{"level":"http","message":"200 GET /me - 7ms","timestamp":"2025-08-18 22:54:33:5433"}
{"level":"http","message":"POST /api/auth/login - ::1","timestamp":"2025-08-18 22:58:52:5852"}
{"level":"info","message":"User logged in: muhfarros28@gmail.com","timestamp":"2025-08-18 22:58:52:5852"}
{"level":"http","message":"200 POST /login - 277ms","timestamp":"2025-08-18 22:58:52:5852"}
{"level":"http","message":"PUT /api/user/profile - ::1","timestamp":"2025-08-18 23:25:07:257"}
{"level":"http","message":"404 PUT /api/user/profile - 3ms","timestamp":"2025-08-18 23:25:07:257"}
{"level":"http","message":"PUT /api/user/me - ::1","timestamp":"2025-08-18 23:28:49:2849"}
{"level":"http","message":"404 PUT /api/user/me - 2ms","timestamp":"2025-08-18 23:28:49:2849"}
{"level":"http","message":"PUT /api/users/me - ::1","timestamp":"2025-08-18 23:29:43:2943"}
{"level":"http","message":"404 PUT /api/users/me - 2ms","timestamp":"2025-08-18 23:29:43:2943"}
{"level":"http","message":"PUT /api/users/me - ::1","timestamp":"2025-08-18 23:30:04:304"}
{"level":"http","message":"404 PUT /api/users/me - 1ms","timestamp":"2025-08-18 23:30:04:304"}
{"level":"http","message":"PATCH /api/users/me - ::1","timestamp":"2025-08-18 23:32:15:3215"}
{"level":"error","message":"Authentication error: Invalid token","stack":"Error: Invalid token\n    at TokenService.verifyJWTToken (C:\\Users\\muhfa\\Documents\\freelance\\proRent\\proRent_BE\\src\\service\\auth\\tokenService.ts:27:13)\n    at AuthService.verifyToken (C:\\Users\\muhfa\\Documents\\freelance\\proRent\\proRent_BE\\src\\service\\auth\\authService.ts:205:25)\n    at C:\\Users\\muhfa\\Documents\\freelance\\proRent\\proRent_BE\\src\\middleware\\auth\\authMwr.ts:39:33\n    at Generator.next (<anonymous>)\n    at C:\\Users\\muhfa\\Documents\\freelance\\proRent\\proRent_BE\\src\\middleware\\auth\\authMwr.ts:8:71\n    at new Promise (<anonymous>)\n    at __awaiter (C:\\Users\\muhfa\\Documents\\freelance\\proRent\\proRent_BE\\src\\middleware\\auth\\authMwr.ts:4:12)\n    at authenticate (C:\\Users\\muhfa\\Documents\\freelance\\proRent\\proRent_BE\\src\\middleware\\auth\\authMwr.ts:26:5)\n    at Layer.handleRequest (C:\\Users\\muhfa\\Documents\\freelance\\proRent\\proRent_BE\\node_modules\\router\\lib\\layer.js:152:17)\n    at next (C:\\Users\\muhfa\\Documents\\freelance\\proRent\\proRent_BE\\node_modules\\router\\lib\\route.js:157:13)","timestamp":"2025-08-18 23:32:15:3215"}
{"level":"http","message":"401 PATCH /me - 12ms","timestamp":"2025-08-18 23:32:15:3215"}
{"level":"http","message":"PATCH /api/users/me - ::1","timestamp":"2025-08-18 23:35:37:3537"}
{"level":"error","message":"Error in updating user profile: Invalid phone number format","stack":"Error: Invalid phone number format\n    at UserControllerHelper.<anonymous> (C:\\Users\\muhfa\\Documents\\freelance\\proRent\\proRent_BE\\src\\helpers\\user\\userControllerHelper.ts:31:13)\n    at Generator.next (<anonymous>)\n    at C:\\Users\\muhfa\\Documents\\freelance\\proRent\\proRent_BE\\src\\helpers\\user\\userControllerHelper.ts:8:71\n    at new Promise (<anonymous>)\n    at __awaiter (C:\\Users\\muhfa\\Documents\\freelance\\proRent\\proRent_BE\\src\\helpers\\user\\userControllerHelper.ts:4:12)\n    at UserControllerHelper.prepareProfileUpdateData (C:\\Users\\muhfa\\Documents\\freelance\\proRent\\proRent_BE\\src\\helpers\\user\\userControllerHelper.ts:25:16)\n    at UserController.<anonymous> (C:\\Users\\muhfa\\Documents\\freelance\\proRent\\proRent_BE\\src\\controller\\user\\userController.ts:43:36)\n    at Generator.next (<anonymous>)\n    at C:\\Users\\muhfa\\Documents\\freelance\\proRent\\proRent_BE\\src\\controller\\user\\userController.ts:8:71\n    at new Promise (<anonymous>)","timestamp":"2025-08-18 23:35:37:3537"}
{"level":"http","message":"500 PATCH /me - 103ms","timestamp":"2025-08-18 23:35:37:3537"}
{"level":"http","message":"PATCH /api/users/me - ::1","timestamp":"2025-08-18 23:36:08:368"}
{"level":"info","message":"Profile updated for user ID: RtRgE47IJ_wS","timestamp":"2025-08-18 23:36:08:368"}
{"level":"http","message":"200 PATCH /me - 86ms","timestamp":"2025-08-18 23:36:08:368"}
{"level":"http","message":"GET /api/review/property/48312158 - ::1","timestamp":"2025-08-19 10:38:54:3854"}
{"level":"http","message":"200 GET /property/48312158 - 1847ms","timestamp":"2025-08-19 10:38:56:3856"}
{"level":"http","message":"GET /api/reservation/property/48312158 - ::1","timestamp":"2025-08-19 10:39:43:3943"}
{"level":"http","message":"200 GET /property/48312158 - 645ms","timestamp":"2025-08-19 10:39:44:3944"}
{"level":"http","message":"GET /api/reservation/user - ::1","timestamp":"2025-08-19 10:39:47:3947"}
{"level":"error","message":"Authentication error: Invalid token","stack":"Error: Invalid token\n    at TokenService.verifyJWTToken (/root/projects/PDK/FinalProject/proRent_BE/src/service/auth/tokenService.ts:27:13)\n    at AuthService.verifyToken (/root/projects/PDK/FinalProject/proRent_BE/src/service/auth/authService.ts:205:25)\n    at /root/projects/PDK/FinalProject/proRent_BE/src/middleware/auth/authMwr.ts:39:33\n    at Generator.next (<anonymous>)\n    at /root/projects/PDK/FinalProject/proRent_BE/src/middleware/auth/authMwr.ts:8:71\n    at new Promise (<anonymous>)\n    at __awaiter (/root/projects/PDK/FinalProject/proRent_BE/src/middleware/auth/authMwr.ts:4:12)\n    at authenticate (/root/projects/PDK/FinalProject/proRent_BE/src/middleware/auth/authMwr.ts:26:5)\n    at Layer.handleRequest (/root/projects/PDK/FinalProject/proRent_BE/node_modules/router/lib/layer.js:152:17)\n    at next (/root/projects/PDK/FinalProject/proRent_BE/node_modules/router/lib/route.js:157:13)","timestamp":"2025-08-19 10:39:48:3948"}
{"level":"http","message":"401 GET /user - 16ms","timestamp":"2025-08-19 10:39:48:3948"}
{"level":"http","message":"GET /api/reservation/ifvY9-Y5HXrj - ::1","timestamp":"2025-08-19 10:39:52:3952"}
{"level":"error","message":"Authentication error: Invalid token","stack":"Error: Invalid token\n    at TokenService.verifyJWTToken (/root/projects/PDK/FinalProject/proRent_BE/src/service/auth/tokenService.ts:27:13)\n    at AuthService.verifyToken (/root/projects/PDK/FinalProject/proRent_BE/src/service/auth/authService.ts:205:25)\n    at /root/projects/PDK/FinalProject/proRent_BE/src/middleware/auth/authMwr.ts:39:33\n    at Generator.next (<anonymous>)\n    at /root/projects/PDK/FinalProject/proRent_BE/src/middleware/auth/authMwr.ts:8:71\n    at new Promise (<anonymous>)\n    at __awaiter (/root/projects/PDK/FinalProject/proRent_BE/src/middleware/auth/authMwr.ts:4:12)\n    at authenticate (/root/projects/PDK/FinalProject/proRent_BE/src/middleware/auth/authMwr.ts:26:5)\n    at Layer.handleRequest (/root/projects/PDK/FinalProject/proRent_BE/node_modules/router/lib/layer.js:152:17)\n    at next (/root/projects/PDK/FinalProject/proRent_BE/node_modules/router/lib/route.js:157:13)","timestamp":"2025-08-19 10:39:52:3952"}
{"level":"http","message":"401 GET /ifvY9-Y5HXrj - 3ms","timestamp":"2025-08-19 10:39:52:3952"}
{"level":"http","message":"GET /api/reservation/ - ::1","timestamp":"2025-08-19 10:39:55:3955"}
{"level":"http","message":"200 GET / - 427ms","timestamp":"2025-08-19 10:39:56:3956"}
{"level":"http","message":"GET /api/reservation/owner - ::1","timestamp":"2025-08-19 10:40:00:400"}
{"level":"error","message":"Authentication error: Invalid token","stack":"Error: Invalid token\n    at TokenService.verifyJWTToken (/root/projects/PDK/FinalProject/proRent_BE/src/service/auth/tokenService.ts:27:13)\n    at AuthService.verifyToken (/root/projects/PDK/FinalProject/proRent_BE/src/service/auth/authService.ts:205:25)\n    at /root/projects/PDK/FinalProject/proRent_BE/src/middleware/auth/authMwr.ts:39:33\n    at Generator.next (<anonymous>)\n    at /root/projects/PDK/FinalProject/proRent_BE/src/middleware/auth/authMwr.ts:8:71\n    at new Promise (<anonymous>)\n    at __awaiter (/root/projects/PDK/FinalProject/proRent_BE/src/middleware/auth/authMwr.ts:4:12)\n    at authenticate (/root/projects/PDK/FinalProject/proRent_BE/src/middleware/auth/authMwr.ts:26:5)\n    at Layer.handleRequest (/root/projects/PDK/FinalProject/proRent_BE/node_modules/router/lib/layer.js:152:17)\n    at next (/root/projects/PDK/FinalProject/proRent_BE/node_modules/router/lib/route.js:157:13)","timestamp":"2025-08-19 10:40:00:400"}
{"level":"http","message":"401 GET /owner - 3ms","timestamp":"2025-08-19 10:40:00:400"}
